2026-03-05 15:15:57.762 +03 [10836] LOG:  starting PostgreSQL 18.1 on x86_64-windows, compiled by msvc-19.44.35219, 64-bit
2026-03-05 15:15:57.768 +03 [10836] LOG:  listening on IPv6 address "::1", port 55432
2026-03-05 15:15:57.768 +03 [10836] LOG:  listening on IPv4 address "127.0.0.1", port 55432
2026-03-05 15:15:57.872 +03 [25400] LOG:  database system was shut down at 2026-03-05 15:15:45 +03
2026-03-05 15:15:57.881 +03 [10836] LOG:  database system is ready to accept connections
2026-03-05 15:18:31.605 +03 [20112] ERROR:  syntax error at or near "﻿CREATE" at character 1
2026-03-05 15:18:31.605 +03 [20112] STATEMENT:  ﻿CREATE EXTENSION IF NOT EXISTS pgcrypto;
2026-03-05 15:18:49.823 +03 [16176] ERROR:  column "tax_number" of relation "suppliers" does not exist
2026-03-05 15:18:49.823 +03 [16176] STATEMENT:  GRANT SELECT (id, name, phone, address, tax_number, is_active, created_at, updated_at, created_by) ON suppliers TO authenticated;
2026-03-05 15:19:04.483 +03 [14044] ERROR:  column "tax_number" of relation "suppliers" does not exist
2026-03-05 15:19:04.483 +03 [14044] STATEMENT:  GRANT SELECT (id, name, phone, address, tax_number, is_active, created_at, updated_at, created_by) ON suppliers TO authenticated;
2026-03-05 15:19:28.514 +03 [7624] ERROR:  unterminated quoted string at or near "'{full_name:Admin" at character 97
2026-03-05 15:19:28.514 +03 [7624] STATEMENT:  INSERT INTO auth.users (id, raw_user_meta_data) VALUES
	('11111111-1111-1111-1111-111111111111', '{full_name:Admin
2026-03-05 15:19:36.020 +03 [3368] ERROR:  syntax error at or near "11111111" at character 59
2026-03-05 15:19:36.020 +03 [3368] STATEMENT:  INSERT INTO auth.users (id, raw_user_meta_data) VALUES
	(''11111111-1111-1111-1111-111111111111'', ''{"full_name":"Admin QA","role":"admin"}''::jsonb),
	(''22222222-2222-2222-2222-222222222222'', ''{"full_name":"POS QA","role":"pos_staff"}''::jsonb)
	ON CONFLICT (id) DO NOTHING;
2026-03-05 15:19:36.020 +03 [3368] ERROR:  syntax error at or near "11111111" at character 57
2026-03-05 15:19:36.020 +03 [3368] STATEMENT:  SELECT id, full_name, role FROM profiles
	WHERE id IN (''11111111-1111-1111-1111-111111111111'', ''22222222-2222-2222-2222-222222222222'')
	ORDER BY role;
2026-03-05 15:20:57.869 +03 [17716] LOG:  checkpoint starting: time
2026-03-05 15:23:13.095 +03 [17716] LOG:  checkpoint complete: wrote 1225 buffers (7.5%), wrote 3 SLRU buffers; 0 WAL file(s) added, 0 removed, 0 recycled; write=133.812 s, sync=1.396 s, total=135.227 s; sync files=1029, longest=0.005 s, average=0.002 s; distance=6962 kB, estimate=6962 kB; lsn=0/2547ED0, redo lsn=0/1EBDEA8
2026-03-05 15:23:52.726 +03 [18204] ERROR:  unterminated quoted identifier at or near "" request.jwt.claim.sub\='22222222-2222-2222-2222-222222222222';" at character 35
2026-03-05 15:23:52.726 +03 [18204] STATEMENT:  SET ROLE authenticated; SET LOCAL " request.jwt.claim.sub\='22222222-2222-2222-2222-222222222222';
2026-03-05 15:24:08.215 +03 [22184] WARNING:  SET LOCAL can only be used in transaction blocks
2026-03-05 15:24:08.293 +03 [20084] WARNING:  SET LOCAL can only be used in transaction blocks
2026-03-05 15:24:08.303 +03 [20084] ERROR:  permission denied for table products
2026-03-05 15:24:08.303 +03 [20084] STATEMENT:  SELECT cost_price FROM products LIMIT 1;
2026-03-05 15:24:08.370 +03 [25464] WARNING:  SET LOCAL can only be used in transaction blocks
2026-03-05 15:24:08.371 +03 [25464] ERROR:  permission denied for table products
2026-03-05 15:24:08.371 +03 [25464] STATEMENT:  INSERT INTO products(name,category,sale_price,stock_quantity,created_by)
	VALUES ('X','device',1,1,'11111111-1111-1111-1111-111111111111');
2026-03-05 15:24:08.436 +03 [20624] WARNING:  SET LOCAL can only be used in transaction blocks
2026-03-05 15:24:08.439 +03 [20624] ERROR:  permission denied for function create_sale
2026-03-05 15:24:08.439 +03 [20624] STATEMENT:  SELECT create_sale(
	  '[{"product_id":"eeeeeeee-eeee-eeee-eeee-eeeeeeeeeeee","quantity":1}]'::jsonb,
	  '[{"account_id":"aaaaaaaa-aaaa-aaaa-aaaa-aaaaaaaaaaaa","amount":10}]'::jsonb,
	  NULL,NULL,NULL,NULL,'POS-1','auth-test','aaaaaaaa-1111-1111-1111-aaaaaaaaaaaa'::uuid
	);
2026-03-05 15:24:08.621 +03 [16788] WARNING:  SET LOCAL can only be used in transaction blocks
2026-03-05 15:24:21.437 +03 [22356] ERROR:  permission denied for table products
2026-03-05 15:24:21.437 +03 [22356] STATEMENT:  SELECT cost_price FROM products LIMIT 1;
2026-03-05 15:24:30.709 +03 [14332] ERROR:  insert or update on table "invoice_items" violates foreign key constraint "invoice_items_invoice_id_fkey"
2026-03-05 15:24:30.709 +03 [14332] DETAIL:  Key (invoice_id)=(119d0771-592d-4974-8722-af4b03e42a93) is not present in table "invoices".
2026-03-05 15:24:30.709 +03 [14332] CONTEXT:  SQL statement "INSERT INTO invoice_items (
	          id, invoice_id, product_id, product_name_at_time,
	          quantity, unit_price, cost_price_at_time,
	          discount_percentage, discount_amount, total_price
	        ) VALUES (
	          gen_random_uuid(), v_invoice_id, v_product.id, v_product.name,
	          (v_item->>'quantity')::INT, v_product.sale_price,
	          COALESCE(v_product.cost_price, 0),
	          v_item_discount_pct, v_item_discount_amt, v_item_total
	        )"
	PL/pgSQL function create_sale(jsonb,jsonb,character varying,character varying,uuid,uuid,character varying,text,uuid) line 90 at SQL statement
2026-03-05 15:24:30.709 +03 [14332] STATEMENT:  SELECT create_sale(
	  '[{"product_id":"eeeeeeee-eeee-eeee-eeee-eeeeeeeeeeee","quantity":2}]'::jsonb,
	  '[{"account_id":"aaaaaaaa-aaaa-aaaa-aaaa-aaaaaaaaaaaa","amount":20}]'::jsonb,
	  'WalkIn','0791111111',NULL,NULL,'POS-1','sale-idempotency-1','99999999-0000-0000-0000-000000000001'::uuid
	);
2026-03-05 15:25:02.869 +03 [22500] ERROR:  new row for relation "ledger_entries" violates check constraint "chk_reference_type"
2026-03-05 15:25:02.869 +03 [22500] DETAIL:  Failing row contains (ffffffff-ffff-ffff-ffff-ffffffffffff, 2026-03-05, aaaaaaaa-aaaa-aaaa-aaaa-aaaaaaaaaaaa, income, 1.000, null, test, null, append-only test, 2026-03-05 15:25:02.867628+03, 11111111-1111-1111-1111-111111111111).
2026-03-05 15:25:02.869 +03 [22500] STATEMENT:  INSERT INTO ledger_entries (id, account_id, entry_type, amount, reference_type, description, created_by)
	VALUES ('ffffffff-ffff-ffff-ffff-ffffffffffff','aaaaaaaa-aaaa-aaaa-aaaa-aaaaaaaaaaaa','income',1,'test','append-only test','11111111-1111-1111-1111-111111111111')
	ON CONFLICT (id) DO NOTHING;
2026-03-05 15:25:19.634 +03 [1096] ERROR:  ERR_APPEND_ONLY_VIOLATION
2026-03-05 15:25:19.634 +03 [1096] CONTEXT:  PL/pgSQL function prevent_modify_append_only() line 3 at RAISE
2026-03-05 15:25:19.634 +03 [1096] STATEMENT:  UPDATE ledger_entries SET amount=2 WHERE id='ffffffff-ffff-ffff-ffff-ffffffffffff';
2026-03-05 15:25:19.703 +03 [18172] ERROR:  ERR_APPEND_ONLY_VIOLATION
2026-03-05 15:25:19.703 +03 [18172] CONTEXT:  PL/pgSQL function prevent_modify_append_only() line 3 at RAISE
2026-03-05 15:25:19.703 +03 [18172] STATEMENT:  DELETE FROM ledger_entries WHERE id='ffffffff-ffff-ffff-ffff-ffffffffffff';
2026-03-05 15:25:32.944 +03 [11624] ERROR:  ERR_APPEND_ONLY_VIOLATION
2026-03-05 15:25:32.944 +03 [11624] CONTEXT:  PL/pgSQL function prevent_modify_append_only() line 3 at RAISE
2026-03-05 15:25:32.944 +03 [11624] STATEMENT:  UPDATE audit_logs SET description='changed' WHERE id='abababab-abab-abab-abab-abababababab';
2026-03-05 15:25:33.017 +03 [10296] ERROR:  ERR_APPEND_ONLY_VIOLATION
2026-03-05 15:25:33.017 +03 [10296] CONTEXT:  PL/pgSQL function prevent_modify_append_only() line 3 at RAISE
2026-03-05 15:25:33.017 +03 [10296] STATEMENT:  DELETE FROM audit_logs WHERE id='abababab-abab-abab-abab-abababababab';
2026-03-05 15:25:57.120 +03 [17716] LOG:  checkpoint starting: time
2026-03-05 15:26:39.436 +03 [21236] ERROR:  insert or update on table "return_items" violates foreign key constraint "return_items_return_id_fkey"
2026-03-05 15:26:39.436 +03 [21236] DETAIL:  Key (return_id)=(f7c2723f-6988-4bdd-87a3-5fc365059113) is not present in table "returns".
2026-03-05 15:26:39.436 +03 [21236] CONTEXT:  SQL statement "INSERT INTO return_items (return_id, invoice_item_id, quantity, unit_price, total_price)
	    VALUES (v_return_id, v_inv_item.id, (v_item->>'quantity')::INT, v_item_unit_price, v_item_total)"
	PL/pgSQL function create_return(uuid,jsonb,uuid,character varying,uuid) line 45 at SQL statement
2026-03-05 15:26:39.436 +03 [21236] STATEMENT:  SELECT create_return(
	  '44444444-4444-4444-4444-444444444444'::uuid,
	  '[{"invoice_item_id":"55555555-5555-5555-5555-555555555555","quantity":4}]'::jsonb,
	  NULL,
	  'partial debt return',
	  '77777777-7777-7777-7777-777777777777'::uuid
	);
2026-03-05 15:26:54.124 +03 [12192] ERROR:  insert or update on table "purchase_items" violates foreign key constraint "purchase_items_purchase_id_fkey"
2026-03-05 15:26:54.124 +03 [12192] DETAIL:  Key (purchase_id)=(9e5088d3-bd42-4a42-b341-7dac93a76767) is not present in table "purchase_orders".
2026-03-05 15:26:54.124 +03 [12192] CONTEXT:  SQL statement "INSERT INTO purchase_items (purchase_id, product_id, quantity, unit_cost, total_cost)
	    VALUES (v_purchase_id, (v_item->>'product_id')::UUID,
	      (v_item->>'quantity')::INT, (v_item->>'unit_cost')::DECIMAL, v_item_total)"
	PL/pgSQL function create_purchase(uuid,jsonb,boolean,uuid,text,uuid) line 27 at SQL statement
2026-03-05 15:26:54.124 +03 [12192] STATEMENT:  SELECT create_purchase(
	  'bbbbbbbb-bbbb-bbbb-bbbb-bbbbbbbbbbbb'::uuid,
	  '[{"product_id":"eeeeeeee-eeee-eeee-eeee-eeeeeeeeeeee","quantity":2,"unit_cost":6}]'::jsonb,
	  true,
	  'aaaaaaaa-aaaa-aaaa-aaaa-aaaaaaaaaaaa'::uuid,
	  'purchase qa',
	  '88888888-8888-8888-8888-888888888888'::uuid
	);
2026-03-05 15:27:09.764 +03 [13832] ERROR:  column "created_by" of relation "expense_categories" does not exist at character 51
2026-03-05 15:27:09.764 +03 [13832] STATEMENT:  INSERT INTO expense_categories (id,name,is_active,created_by)
	VALUES ('edededed-eded-eded-eded-edededededed','Ops',true,'11111111-1111-1111-1111-111111111111')
	ON CONFLICT (id) DO NOTHING;
2026-03-05 15:27:09.856 +03 [20784] ERROR:  insert or update on table "expenses" violates foreign key constraint "expenses_category_id_fkey"
2026-03-05 15:27:09.856 +03 [20784] DETAIL:  Key (category_id)=(edededed-eded-eded-eded-edededededed) is not present in table "expense_categories".
2026-03-05 15:27:09.856 +03 [20784] CONTEXT:  SQL statement "INSERT INTO expenses (id, account_id, category_id, amount, description, notes, idempotency_key, created_by)
	  VALUES (v_expense_id, p_account_id, p_category_id, p_amount, p_description, p_notes, p_idempotency_key, v_user_id)"
	PL/pgSQL function create_expense(numeric,uuid,uuid,character varying,text,uuid) line 15 at SQL statement
2026-03-05 15:27:09.856 +03 [20784] STATEMENT:  SELECT 'expense' AS fn, create_expense(5,'aaaaaaaa-aaaa-aaaa-aaaa-aaaaaaaaaaaa','edededed-eded-eded-eded-edededededed','pen','note','90000000-0000-0000-0000-000000000002'::uuid);
2026-03-05 15:28:16.601 +03 [17716] LOG:  checkpoint complete: wrote 1268 buffers (7.7%), wrote 2 SLRU buffers; 0 WAL file(s) added, 0 removed, 1 recycled; write=139.022 s, sync=0.437 s, total=139.482 s; sync files=383, longest=0.004 s, average=0.002 s; distance=6716 kB, estimate=6938 kB; lsn=0/257B160, redo lsn=0/254D028
2026-03-05 15:28:40.852 +03 [19172] ERROR:  ERR_IDEMPOTENCY
2026-03-05 15:28:40.852 +03 [19172] CONTEXT:  PL/pgSQL function create_transfer(uuid,uuid,numeric,text,uuid) line 31 at RAISE
2026-03-05 15:28:40.852 +03 [19172] STATEMENT:  SELECT create_transfer('aaaaaaaa-aaaa-aaaa-aaaa-aaaaaaaaaaaa','abab0000-0000-0000-0000-000000000000',5,'dup test','90000000-0000-0000-0000-000000000010'::uuid);
2026-03-05 15:28:52.630 +03 [16888] ERROR:  permission denied for table accounts
2026-03-05 15:28:52.630 +03 [16888] STATEMENT:  UPDATE accounts SET current_balance=current_balance+1 WHERE id='aaaaaaaa-aaaa-aaaa-aaaa-aaaaaaaaaaaa';
2026-03-05 15:28:52.703 +03 [25960] ERROR:  permission denied for table ledger_entries
2026-03-05 15:28:52.703 +03 [25960] STATEMENT:  INSERT INTO ledger_entries(account_id,entry_type,amount,description,created_by) VALUES ('aaaaaaaa-aaaa-aaaa-aaaa-aaaaaaaaaaaa','income',1,'x','22222222-2222-2222-2222-222222222222');
2026-03-05 15:29:44.397 +03 [13816] ERROR:  function "public.cancel_invoice(uuid,character varying,uuid)" does not exist at character 27
2026-03-05 15:29:44.397 +03 [13816] STATEMENT:  SELECT pg_get_functiondef('public.cancel_invoice(uuid,character varying,uuid)'::regprocedure);
2026-03-05 15:30:17.067 +03 [9872] ERROR:  new row for relation "notifications" violates check constraint "chk_notification_type"
2026-03-05 15:30:17.067 +03 [9872] DETAIL:  Failing row contains (d173a138-79e2-445b-af62-2834d647b047, 11111111-1111-1111-1111-111111111111, drift_detected, انحراف محاسبي في Cash Main, الرصيد الفعلي: 1195.000 — المحسوب: 1196.000..., f, account, aaaaaaaa-aaaa-aaaa-aaaa-aaaaaaaaaaaa, 2026-03-05 15:30:17.049023+03, 2026-03-05 15:30:17.049023+03).
2026-03-05 15:30:17.067 +03 [9872] CONTEXT:  SQL statement "INSERT INTO notifications (user_id, type, title, body, reference_type, reference_id)
	      SELECT p.id, 'drift_detected',
	        'انحراف محاسبي في ' || v_acc.name,
	        'الرصيد الفعلي: ' || v_acc.current_balance || ' — المحسوب: ' || v_calc || ' الفرق: ' || v_diff,
	        'account', v_acc.id
	      FROM profiles p WHERE p.role = 'admin'"
	PL/pgSQL function check_balance_drift() line 40 at SQL statement
2026-03-05 15:30:17.067 +03 [9872] STATEMENT:  SELECT check_balance_drift();
2026-03-05 15:30:57.638 +03 [17716] LOG:  checkpoint starting: time
2026-03-05 15:31:18.974 +03 [17716] LOG:  checkpoint complete: wrote 193 buffers (1.2%), wrote 2 SLRU buffers; 0 WAL file(s) added, 0 removed, 0 recycled; write=21.194 s, sync=0.125 s, total=21.337 s; sync files=108, longest=0.005 s, average=0.002 s; distance=225 kB, estimate=6266 kB; lsn=0/25855C8, redo lsn=0/2585538
2026-03-05 15:32:52.847 +03 [23820] ERROR:  ERR_STOCK_INSUFFICIENT
2026-03-05 15:32:52.847 +03 [23820] CONTEXT:  PL/pgSQL function create_sale(jsonb,jsonb,character varying,character varying,uuid,uuid,character varying,text,uuid) line 74 at RAISE
2026-03-05 15:32:52.847 +03 [23820] STATEMENT:  SELECT create_sale(
	  '[{"product_id":"dddddddd-dddd-dddd-dddd-dddddddddddd","quantity":1}]'::jsonb,
	  '[{"account_id":"aaaaaaaa-aaaa-aaaa-aaaa-aaaaaaaaaaaa","amount":100}]'::jsonb,
	  'Race2',NULL,NULL,NULL,'POS-2','race-2','99999999-0000-0000-0000-000000000022'::uuid
	);
2026-03-05 15:33:03.672 +03 [26412] ERROR:  ERR_IDEMPOTENCY
2026-03-05 15:33:03.672 +03 [26412] CONTEXT:  PL/pgSQL function create_sale(jsonb,jsonb,character varying,character varying,uuid,uuid,character varying,text,uuid) line 31 at RAISE
2026-03-05 15:33:03.672 +03 [26412] STATEMENT:  SELECT create_sale(
	  '[{"product_id":"eeeeeeee-eeee-eeee-eeee-eeeeeeeeeeee","quantity":1}]'::jsonb,
	  '[{"account_id":"aaaaaaaa-aaaa-aaaa-aaaa-aaaaaaaaaaaa","amount":10}]'::jsonb,
	  'Idem',NULL,NULL,NULL,'POS-1','idem','99999999-0000-0000-0000-000000000031'::uuid
	);
2026-03-05 15:35:57.989 +03 [17716] LOG:  checkpoint starting: time
2026-03-05 15:36:11.678 +03 [17716] LOG:  checkpoint complete: wrote 123 buffers (0.8%), wrote 2 SLRU buffers; 0 WAL file(s) added, 0 removed, 0 recycled; write=13.546 s, sync=0.126 s, total=13.690 s; sync files=95, longest=0.008 s, average=0.002 s; distance=249 kB, estimate=5665 kB; lsn=0/25C3C70, redo lsn=0/25C3BE0
2026-03-05 15:40:57.690 +03 [17716] LOG:  checkpoint starting: time
2026-03-05 15:41:16.463 +03 [19724] ERROR:  permission denied for table suppliers
2026-03-05 15:41:16.463 +03 [19724] STATEMENT:  SELECT count(*) FROM suppliers;
2026-03-05 15:41:17.009 +03 [9620] ERROR:  permission denied for function create_sale
2026-03-05 15:41:17.009 +03 [9620] STATEMENT:  SELECT create_sale('[{"product_id":"eeeeeeee-eeee-eeee-eeee-eeeeeeeeeeee","quantity":1}]'::jsonb,'[{"account_id":"aaaaaaaa-aaaa-aaaa-aaaa-aaaaaaaaaaaa","amount":10}]'::jsonb,NULL,NULL,NULL,NULL,'POS-1','x','aaaaaaaa-1111-1111-1111-aaaaaaaaaaaa'::uuid);
2026-03-05 15:41:17.177 +03 [24832] ERROR:  permission denied for table products
2026-03-05 15:41:17.177 +03 [24832] STATEMENT:  SELECT cost_price FROM products LIMIT 1;
2026-03-05 15:41:47.235 +03 [24092] ERROR:  ERR_IDEMPOTENCY
2026-03-05 15:41:47.235 +03 [24092] CONTEXT:  PL/pgSQL function create_sale(jsonb,jsonb,character varying,character varying,uuid,uuid,character varying,text,uuid) line 31 at RAISE
2026-03-05 15:41:47.235 +03 [24092] STATEMENT:  SELECT create_sale(
	  '[{"product_id":"eeeeeeee-eeee-eeee-eeee-eeeeeeeeeeee","quantity":1}]'::jsonb,
	  '[{"account_id":"aaaaaaaa-aaaa-aaaa-aaaa-aaaaaaaaaaaa","amount":10}]'::jsonb,
	  'WalkIn',NULL,NULL,NULL,'POS-1','sale-dup','10000000-0000-0000-0000-000000000111'::uuid
	);
2026-03-05 15:42:19.572 +03 [19784] ERROR:  new row for relation "debt_entries" violates check constraint "debt_entries_amount_check"
2026-03-05 15:42:19.572 +03 [19784] DETAIL:  Failing row contains (e73b0c2f-c899-48fc-8a24-365df42b36c1, cccccccc-cccc-cccc-cccc-cccccccccccc, from_invoice, 1c8073fa-cb95-4c75-b575-bb845110084d, 0.000, 2026-04-04, null, t, 0.000, 0.000, null, 2026-03-05 15:42:18.893131+03, 2026-03-05 15:42:19.487164+03, 22222222-2222-2222-2222-222222222222).
2026-03-05 15:42:19.572 +03 [19784] CONTEXT:  SQL statement "UPDATE debt_entries SET
	      remaining_amount = GREATEST(0, remaining_amount - v_return_total),
	      amount = GREATEST(0, amount - v_return_total),
	      is_paid = CASE WHEN GREATEST(0, remaining_amount - v_return_total) = 0 THEN true ELSE is_paid END
	    WHERE invoice_id = p_invoice_id AND entry_type = 'from_invoice'"
	PL/pgSQL function create_return(uuid,jsonb,uuid,character varying,uuid) line 108 at SQL statement
2026-03-05 15:42:19.572 +03 [19784] STATEMENT:  SELECT create_return(
	  '1c8073fa-cb95-4c75-b575-bb845110084d'::uuid,
	  '[{"invoice_item_id":"6d1d71ea-d2dc-4948-a2e3-60e6a370e963","quantity":1}]'::jsonb,
	  NULL,
	  'debt return',
	  '10000000-0000-0000-0000-000000000114'::uuid
	);
2026-03-05 15:43:03.340 +03 [17716] LOG:  checkpoint complete: wrote 1152 buffers (7.0%), wrote 1 SLRU buffers; 0 WAL file(s) added, 0 removed, 0 recycled; write=125.612 s, sync=0.016 s, total=125.650 s; sync files=10, longest=0.003 s, average=0.002 s; distance=6715 kB, estimate=6715 kB; lsn=0/2C751F0, redo lsn=0/2C52A00
2026-03-05 15:43:03.408 +03 [17716] LOG:  checkpoint starting: immediate force wait
2026-03-05 15:43:03.488 +03 [17716] LOG:  checkpoint complete: wrote 5 buffers (0.0%), wrote 4 SLRU buffers; 0 WAL file(s) added, 0 removed, 0 recycled; write=0.005 s, sync=0.033 s, total=0.080 s; sync files=6, longest=0.011 s, average=0.006 s; distance=138 kB, estimate=6057 kB; lsn=0/2C752C0, redo lsn=0/2C75268
2026-03-05 15:43:23.036 +03 [13216] ERROR:  permission denied for table suppliers
2026-03-05 15:43:23.036 +03 [13216] STATEMENT:  SELECT count(*) FROM suppliers;
2026-03-05 15:43:23.532 +03 [7376] ERROR:  permission denied for function create_sale
2026-03-05 15:43:23.532 +03 [7376] STATEMENT:  SELECT create_sale('[{"product_id":"eeeeeeee-eeee-eeee-eeee-eeeeeeeeeeee","quantity":1}]'::jsonb,'[{"account_id":"aaaaaaaa-aaaa-aaaa-aaaa-aaaaaaaaaaaa","amount":10}]'::jsonb,NULL,NULL,NULL,NULL,'POS-1','x','aaaaaaaa-1111-1111-1111-aaaaaaaaaaaa'::uuid);
2026-03-05 15:43:57.483 +03 [18428] ERROR:  ERR_APPEND_ONLY_VIOLATION
2026-03-05 15:43:57.483 +03 [18428] CONTEXT:  PL/pgSQL function prevent_modify_append_only() line 3 at RAISE
2026-03-05 15:43:57.483 +03 [18428] STATEMENT:  UPDATE ledger_entries SET amount=2 WHERE id='ffffffff-ffff-ffff-ffff-ffffffffffff';
2026-03-05 15:44:14.931 +03 [24624] ERROR:  duplicate key value violates unique constraint "invoices_invoice_number_key"
2026-03-05 15:44:14.931 +03 [24624] DETAIL:  Key (invoice_number)=(AYA-2026-00003) already exists.
2026-03-05 15:44:14.931 +03 [24624] CONTEXT:  SQL statement "INSERT INTO invoices (
	    id, invoice_number, customer_name, customer_phone,
	    subtotal, discount_amount, discount_by, total_amount,
	    debt_amount, debt_customer_id, status,
	    pos_terminal_code, notes, idempotency_key, created_by
	  ) VALUES (
	    v_invoice_id, v_invoice_number, p_customer_name, p_customer_phone,
	    0, 0, p_discount_by, 0,
	    0, p_debt_customer_id, 'active',
	    p_pos_terminal, p_notes, p_idempotency_key, v_user_id
	  )"
	PL/pgSQL function create_sale(jsonb,jsonb,character varying,character varying,uuid,uuid,character varying,text,uuid) line 46 at SQL statement
2026-03-05 15:44:14.931 +03 [24624] STATEMENT:  SELECT create_sale(
	  '[{"product_id":"dddddddd-dddd-dddd-dddd-dddddddddddd","quantity":1}]'::jsonb,
	  '[{"account_id":"aaaaaaaa-aaaa-aaaa-aaaa-aaaaaaaaaaaa","amount":100}]'::jsonb,
	  'Race2',NULL,NULL,NULL,'POS-2','race-2','30000000-0000-0000-0000-000000000002'::uuid
	);
2026-03-05 15:45:02.384 +03 [17716] LOG:  checkpoint starting: immediate force wait
2026-03-05 15:45:02.446 +03 [17716] LOG:  checkpoint complete: wrote 14 buffers (0.1%), wrote 4 SLRU buffers; 0 WAL file(s) added, 0 removed, 1 recycled; write=0.016 s, sync=0.022 s, total=0.062 s; sync files=11, longest=0.004 s, average=0.002 s; distance=6794 kB, estimate=6794 kB; lsn=0/3317CB8, redo lsn=0/3317C60
2026-03-05 15:45:25.381 +03 [26432] ERROR:  ERR_STOCK_INSUFFICIENT
2026-03-05 15:45:25.381 +03 [26432] CONTEXT:  PL/pgSQL function create_sale(jsonb,jsonb,character varying,character varying,uuid,uuid,character varying,text,uuid) line 86 at RAISE
2026-03-05 15:45:25.381 +03 [26432] STATEMENT:  SELECT create_sale(
	  '[{"product_id":"dddddddd-dddd-dddd-dddd-dddddddddddd","quantity":1}]'::jsonb,
	  '[{"account_id":"aaaaaaaa-aaaa-aaaa-aaaa-aaaaaaaaaaaa","amount":100}]'::jsonb,
	  'RaceB',NULL,NULL,NULL,'POS-2','raceB','30000000-0000-0000-0000-000000000012'::uuid
	);
2026-03-05 15:46:00.936 +03 [17716] LOG:  checkpoint starting: immediate force wait
2026-03-05 15:46:00.988 +03 [17716] LOG:  checkpoint complete: wrote 14 buffers (0.1%), wrote 4 SLRU buffers; 0 WAL file(s) added, 0 removed, 0 recycled; write=0.015 s, sync=0.020 s, total=0.052 s; sync files=11, longest=0.003 s, average=0.002 s; distance=6804 kB, estimate=6804 kB; lsn=0/39BD090, redo lsn=0/39BD038
2026-03-05 15:46:04.757 +03 [25012] ERROR:  permission denied for table suppliers
2026-03-05 15:46:04.757 +03 [25012] STATEMENT:  SELECT count(*) FROM suppliers;
2026-03-05 15:46:50.653 +03 [20520] ERROR:  ERR_STOCK_INSUFFICIENT
2026-03-05 15:46:50.653 +03 [20520] CONTEXT:  PL/pgSQL function create_sale(jsonb,jsonb,character varying,character varying,uuid,uuid,character varying,text,uuid) line 86 at RAISE
2026-03-05 15:46:50.653 +03 [20520] STATEMENT:  SELECT create_sale(
	  '[{"product_id":"dddddddd-dddd-dddd-dddd-dddddddddddd","quantity":1}]'::jsonb,
	  '[{"account_id":"aaaaaaaa-aaaa-aaaa-aaaa-aaaaaaaaaaaa","amount":100}]'::jsonb,
	  'RaceB',NULL,NULL,NULL,'POS-2','raceB','50000000-0000-0000-0000-000000000002'::uuid
	);
2026-03-05 15:49:01.771 +03 [17716] LOG:  checkpoint starting: immediate force wait
2026-03-05 15:49:01.831 +03 [17716] LOG:  checkpoint complete: wrote 17 buffers (0.1%), wrote 4 SLRU buffers; 0 WAL file(s) added, 0 removed, 1 recycled; write=0.016 s, sync=0.021 s, total=0.060 s; sync files=11, longest=0.004 s, average=0.002 s; distance=6809 kB, estimate=6809 kB; lsn=0/40637C0, redo lsn=0/4063768
2026-03-05 15:49:34.803 +03 [10344] ERROR:  permission denied for table suppliers
2026-03-05 15:49:34.803 +03 [10344] STATEMENT:  SELECT count(*) FROM suppliers;
2026-03-05 15:49:37.061 +03 [2704] ERROR:  ERR_STOCK_INSUFFICIENT
2026-03-05 15:49:37.061 +03 [2704] CONTEXT:  PL/pgSQL function create_sale(jsonb,jsonb,character varying,character varying,uuid,uuid,character varying,text,uuid) line 86 at RAISE
2026-03-05 15:49:37.061 +03 [2704] STATEMENT:  SELECT create_sale(
	  '[{"product_id":"dddddddd-dddd-dddd-dddd-dddddddddddd","quantity":1}]'::jsonb,
	  '[{"account_id":"aaaaaaaa-aaaa-aaaa-aaaa-aaaaaaaaaaaa","amount":100}]'::jsonb,
	  'RaceB',NULL,NULL,NULL,'POS-2','raceB','60000000-0000-0000-0000-000000000004'::uuid
	);
2026-03-05 15:54:01.834 +03 [17716] LOG:  checkpoint starting: time
2026-03-05 15:56:27.122 +03 [17716] LOG:  checkpoint complete: wrote 1319 buffers (8.1%), wrote 4 SLRU buffers; 0 WAL file(s) added, 0 removed, 0 recycled; write=144.391 s, sync=0.867 s, total=145.289 s; sync files=513, longest=0.007 s, average=0.002 s; distance=6814 kB, estimate=6814 kB; lsn=0/470B018, redo lsn=0/470AF88
2026-03-05 20:23:47.740 +03 [12152] ERROR:  permission denied for schema auth at character 8
2026-03-05 20:23:47.740 +03 [12152] STATEMENT:  SELECT auth.uid() as uid, auth.role() as role;
2026-03-05 20:23:47.742 +03 [12152] ERROR:  current transaction is aborted, commands ignored until end of transaction block
2026-03-05 20:23:47.742 +03 [12152] STATEMENT:  SELECT count(*) AS direct_suppliers_count FROM suppliers;
2026-03-05 20:23:55.216 +03 [14416] ERROR:  permission denied for table suppliers
2026-03-05 20:23:55.216 +03 [14416] STATEMENT:  SELECT count(*) AS direct_suppliers_count FROM suppliers;
2026-03-05 20:24:02.743 +03 [17716] LOG:  checkpoint starting: time
2026-03-05 20:24:05.338 +03 [17716] LOG:  checkpoint complete: wrote 23 buffers (0.1%), wrote 0 SLRU buffers; 0 WAL file(s) added, 0 removed, 0 recycled; write=2.515 s, sync=0.046 s, total=2.597 s; sync files=8, longest=0.014 s, average=0.006 s; distance=162 kB, estimate=6148 kB; lsn=0/47339F8, redo lsn=0/47339A0
2026-03-05 20:24:17.303 +03 [9864] ERROR:  column "created_by" of relation "suppliers" does not exist at character 57
2026-03-05 20:24:17.303 +03 [9864] STATEMENT:  INSERT INTO suppliers(id,name,current_balance,is_active,created_by) VALUES (gen_random_uuid(),'X-Test',0,true,'11111111-1111-1111-1111-111111111111');
2026-03-05 20:24:17.313 +03 [9864] ERROR:  permission denied for table suppliers
2026-03-05 20:24:17.313 +03 [9864] STATEMENT:  UPDATE suppliers SET name='Changed' WHERE id='bbbbbbbb-bbbb-bbbb-bbbb-bbbbbbbbbbbb';
2026-03-05 20:24:17.316 +03 [9864] ERROR:  permission denied for table suppliers
2026-03-05 20:24:17.316 +03 [9864] STATEMENT:  DELETE FROM suppliers WHERE id='bbbbbbbb-bbbb-bbbb-bbbb-bbbbbbbbbbbb';
2026-03-05 20:24:31.450 +03 [13504] ERROR:  permission denied for table suppliers
2026-03-05 20:24:31.450 +03 [13504] STATEMENT:  INSERT INTO suppliers(id,name,phone,address,current_balance,is_active) VALUES (gen_random_uuid(),'X-Test',NULL,NULL,0,true);
2026-03-05 20:27:03.176 +03 [15916] ERROR:  permission denied for function create_debt_manual
2026-03-05 20:27:03.176 +03 [15916] STATEMENT:  SELECT create_debt_manual('cccccccc-cccc-cccc-cccc-cccccccccccc', 5.000, 'auth-call', 'dddddddd-dddd-dddd-dddd-dddddddddddd');
2026-03-05 20:29:02.342 +03 [17716] LOG:  checkpoint starting: time
2026-03-05 20:29:07.467 +03 [17716] LOG:  checkpoint complete: wrote 46 buffers (0.3%), wrote 2 SLRU buffers; 0 WAL file(s) added, 0 removed, 0 recycled; write=5.033 s, sync=0.078 s, total=5.125 s; sync files=42, longest=0.005 s, average=0.002 s; distance=44 kB, estimate=5538 kB; lsn=0/473ED38, redo lsn=0/473ECA8
2026-03-06 01:11:19.258 +03 [26820] ERROR:  permission denied for table suppliers
2026-03-06 01:11:19.258 +03 [26820] STATEMENT:  INSERT INTO suppliers(id,name,current_balance,is_active) VALUES (gen_random_uuid(),'baseline-pos-write',0,true);
2026-03-06 01:11:19.296 +03 [2560] ERROR:  permission denied for table suppliers
2026-03-06 01:11:19.296 +03 [2560] STATEMENT:  SELECT count(*) AS admin_direct_suppliers FROM suppliers;
2026-03-06 01:12:10.654 +03 [17716] LOG:  checkpoint starting: time
2026-03-06 01:12:14.142 +03 [17716] LOG:  checkpoint complete: wrote 31 buffers (0.2%), wrote 1 SLRU buffers; 0 WAL file(s) added, 0 removed, 0 recycled; write=3.404 s, sync=0.047 s, total=3.489 s; sync files=32, longest=0.005 s, average=0.002 s; distance=19 kB, estimate=4986 kB; lsn=0/4743B38, redo lsn=0/4743AE0
2026-03-06 01:23:36.174 +03 [8812] ERROR:  schema "auth" does not exist
2026-03-06 01:23:36.174 +03 [8812] STATEMENT:  CREATE TABLE profiles (
	  id            UUID PRIMARY KEY REFERENCES auth.users(id) ON DELETE CASCADE,
	  full_name     VARCHAR(100)  NOT NULL,
	  role          user_role     NOT NULL DEFAULT 'pos_staff',
	  phone         VARCHAR(20),
	  is_active     BOOLEAN       NOT NULL DEFAULT true,
	  created_at    TIMESTAMPTZ   NOT NULL DEFAULT now(),
	  updated_at    TIMESTAMPTZ   NOT NULL DEFAULT now()
	);
2026-03-06 01:23:36.305 +03 [11548] ERROR:  relation "profiles" does not exist
2026-03-06 01:23:36.305 +03 [11548] STATEMENT:  CREATE TABLE invoices (
	  id                UUID PRIMARY KEY DEFAULT gen_random_uuid(),
	  invoice_number    VARCHAR(30)    NOT NULL UNIQUE,
	  invoice_date      DATE           NOT NULL DEFAULT CURRENT_DATE,
	  customer_name     VARCHAR(100),
	  customer_phone    VARCHAR(20),
	  subtotal          DECIMAL(12,3)  NOT NULL CHECK (subtotal >= 0),
	  discount_amount   DECIMAL(12,3)  NOT NULL DEFAULT 0 CHECK (discount_amount >= 0),
	  discount_by       UUID           REFERENCES profiles(id),
	  total_amount      DECIMAL(12,3)  NOT NULL CHECK (total_amount >= 0),
	  debt_amount       DECIMAL(12,3)  NOT NULL DEFAULT 0 CHECK (debt_amount >= 0),
	  debt_customer_id  UUID           REFERENCES debt_customers(id) ON DELETE RESTRICT,
	  status            invoice_status NOT NULL DEFAULT 'active',
	  cancel_reason     VARCHAR(500),
	  cancelled_by      UUID           REFERENCES profiles(id),
	  cancelled_at      TIMESTAMPTZ,
	  pos_terminal_code VARCHAR(20),
	  notes             TEXT,
	  idempotency_key   UUID           UNIQUE,
	  created_at        TIMESTAMPTZ    NOT NULL DEFAULT now(),
	  updated_at        TIMESTAMPTZ    NOT NULL DEFAULT now(),
	  created_by        UUID           NOT NULL REFERENCES profiles(id)
	);
2026-03-06 01:23:36.495 +03 [13108] ERROR:  relation "accounts" does not exist
2026-03-06 01:23:36.495 +03 [13108] STATEMENT:  CREATE TABLE ledger_entries (
	  id                    UUID PRIMARY KEY DEFAULT gen_random_uuid(),
	  entry_date            DATE           NOT NULL DEFAULT CURRENT_DATE,
	  account_id            UUID           NOT NULL REFERENCES accounts(id) ON DELETE RESTRICT,
	  entry_type            ledger_entry_type NOT NULL,
	  amount                DECIMAL(12,3)  NOT NULL CHECK (amount > 0),
	  adjustment_direction  VARCHAR(10),
	  reference_type        VARCHAR(50),
	  reference_id          UUID,
	  description           VARCHAR(255)   NOT NULL,
	  created_at            TIMESTAMPTZ    NOT NULL DEFAULT now(),
	  created_by            UUID           NOT NULL REFERENCES profiles(id),
	
	  -- قيد: adjustment_direction إلزامي فقط مع adjustment ومحظور مع غيره
	  CONSTRAINT chk_adjustment_direction CHECK (
	    (entry_type = 'adjustment' AND adjustment_direction IN ('increase', 'decrease'))
	    OR (entry_type <> 'adjustment' AND adjustment_direction IS NULL)
	  ),
	
	  -- قيد: reference_type يجب أن يكون من القائمة المعتمدة
	  CONSTRAINT chk_reference_type CHECK (
	    reference_type IS NULL
	    OR reference_type IN (
	      'invoice', 'return', 'debt_payment', 'topup', 'transfer',
	      'expense', 'reconciliation', 'purchase', 'manual_debt',
	      'supplier_payment', 'maintenance_job', 'reversal'
	    )
	  )
	);
2026-03-06 01:23:36.679 +03 [17068] ERROR:  relation "accounts" does not exist at character 505
2026-03-06 01:23:36.679 +03 [17068] STATEMENT:  CREATE OR REPLACE FUNCTION fn_calc_account_ledger_balance(p_account_id UUID)
	RETURNS DECIMAL
	LANGUAGE sql STABLE AS $$
	  SELECT a.opening_balance + COALESCE(SUM(
	    CASE
	      WHEN le.entry_type = 'income' THEN le.amount
	      WHEN le.entry_type = 'expense' THEN -le.amount
	      WHEN le.entry_type = 'adjustment' AND le.adjustment_direction = 'increase' THEN le.amount
	      WHEN le.entry_type = 'adjustment' AND le.adjustment_direction = 'decrease' THEN -le.amount
	      ELSE 0
	    END
	  ), 0)
	  FROM accounts a
	  LEFT JOIN ledger_entries le ON le.account_id = a.id
	  WHERE a.id = p_account_id
	  GROUP BY a.opening_balance;
	$$;
2026-03-06 01:23:36.851 +03 [15368] ERROR:  relation "products" does not exist
2026-03-06 01:23:36.851 +03 [15368] STATEMENT:  REVOKE SELECT ON products FROM authenticated;
2026-03-06 01:23:56.222 +03 [17716] LOG:  checkpoint starting: immediate force wait
2026-03-06 01:23:56.258 +03 [17716] LOG:  checkpoint complete: wrote 3 buffers (0.0%), wrote 1 SLRU buffers; 0 WAL file(s) added, 0 removed, 0 recycled; write=0.003 s, sync=0.010 s, total=0.037 s; sync files=4, longest=0.004 s, average=0.003 s; distance=4798 kB, estimate=4967 kB; lsn=0/4BF3698, redo lsn=0/4BF3640
2026-03-06 01:24:17.698 +03 [26884] ERROR:  input parameters after one with a default value must also have defaults at character 150
2026-03-06 01:24:17.698 +03 [26884] STATEMENT:  CREATE OR REPLACE FUNCTION create_debt_manual(
	  p_debt_customer_id UUID,
	  p_amount           DECIMAL,
	  p_description      VARCHAR DEFAULT NULL,
	  p_idempotency_key  UUID
	)
	RETURNS JSONB
	LANGUAGE plpgsql SECURITY DEFINER AS $$
	DECLARE
	  v_user_id UUID := auth.uid();
	  v_entry_id UUID := gen_random_uuid();
	  v_customer RECORD;
	BEGIN
	  IF p_amount <= 0 THEN RAISE EXCEPTION 'ERR_VALIDATION_NEGATIVE_AMOUNT'; END IF;
	
	  IF p_idempotency_key IS NULL THEN
	    RAISE EXCEPTION 'ERR_VALIDATION_REQUIRED_FIELD';
	  END IF;
	
	  IF EXISTS (SELECT 1 FROM debt_entries WHERE idempotency_key = p_idempotency_key) THEN
	    RAISE EXCEPTION 'ERR_IDEMPOTENCY';
	  END IF;
	
	  SELECT * INTO v_customer FROM debt_customers WHERE id = p_debt_customer_id FOR UPDATE;
	  IF NOT FOUND THEN RAISE EXCEPTION 'ERR_CUSTOMER_NOT_FOUND'; END IF;
	
	  INSERT INTO debt_entries (
	    id, debt_customer_id, entry_type, amount, due_date,
	    description, remaining_amount, idempotency_key, created_by
	  ) VALUES (
	    v_entry_id, p_debt_customer_id, 'manual', p_amount,
	    CURRENT_DATE + v_customer.due_date_days,
	    COALESCE(p_description, 'دين يدوي'), p_amount,
	    p_idempotency_key, v_user_id
	  );
	
	  UPDATE debt_customers SET current_balance = current_balance + p_amount
	    WHERE id = p_debt_customer_id;
	
	  INSERT INTO audit_logs (user_id, action_type, table_name, record_id, description, new_values)
	  VALUES (v_user_id, 'create_debt_manual', 'debt_entries', v_entry_id,
	    'دين يدوي', jsonb_build_object('amount', p_amount, 'customer_id', p_debt_customer_id));
	
	  RETURN jsonb_build_object('debt_entry_id', v_entry_id);
	END;
	$$;
2026-03-06 01:24:55.395 +03 [17716] LOG:  checkpoint starting: immediate force wait
2026-03-06 01:24:55.469 +03 [17716] LOG:  checkpoint complete: wrote 17 buffers (0.1%), wrote 1 SLRU buffers; 0 WAL file(s) added, 0 removed, 1 recycled; write=0.014 s, sync=0.024 s, total=0.074 s; sync files=13, longest=0.004 s, average=0.002 s; distance=5807 kB, estimate=5807 kB; lsn=0/519F420, redo lsn=0/519F3C8
2026-03-06 01:28:36.131 +03 [17716] LOG:  checkpoint starting: immediate force wait
2026-03-06 01:28:36.241 +03 [17716] LOG:  checkpoint complete: wrote 16 buffers (0.1%), wrote 1 SLRU buffers; 0 WAL file(s) added, 0 removed, 0 recycled; write=0.064 s, sync=0.019 s, total=0.111 s; sync files=10, longest=0.004 s, average=0.002 s; distance=5836 kB, estimate=5836 kB; lsn=0/5752630, redo lsn=0/57525D8
2026-03-06 01:30:45.260 +03 [11676] ERROR:  ERR_UNAUTHORIZED
2026-03-06 01:30:45.260 +03 [11676] CONTEXT:  PL/pgSQL function check_balance_drift() line 11 at RAISE
	PL/pgSQL function fn_verify_balance_integrity() line 3 at RETURN
2026-03-06 01:30:45.260 +03 [11676] STATEMENT:  SELECT * FROM fn_verify_balance_integrity();
2026-03-06 01:30:55.634 +03 [15504] ERROR:  unterminated quoted identifier at or near "" request.jwt.claim.sub\" at character 48
2026-03-06 01:30:55.634 +03 [15504] STATEMENT:  BEGIN; SET LOCAL ROLE authenticated; SET LOCAL " request.jwt.claim.sub\
2026-03-06 01:31:06.865 +03 [13792] ERROR:  permission denied for function fn_verify_balance_integrity
2026-03-06 01:31:06.865 +03 [13792] STATEMENT:  SELECT * FROM fn_verify_balance_integrity();
2026-03-06 01:32:04.717 +03 [26804] ERROR:  ERR_VALIDATION_REQUIRED_FIELD
2026-03-06 01:32:04.717 +03 [26804] CONTEXT:  PL/pgSQL function create_debt_manual(uuid,numeric,character varying,uuid) line 10 at RAISE
2026-03-06 01:32:04.717 +03 [26804] STATEMENT:  SELECT create_debt_manual('cccccccc-cccc-cccc-cccc-cccccccccccc', 10, 'null key test', NULL);
2026-03-06 01:32:22.283 +03 [7400] ERROR:  syntax error at or near "SELECT" at character 12
2026-03-06 01:32:22.283 +03 [7400] STATEMENT:  SET LOCAL 
	SELECT create_debt_manual('cccccccc-cccc-cccc-cccc-cccccccccccc', 7.500, 'idem retry test', 'aaaaaaaa-0000-0000-0000-000000000123') AS second_call;
2026-03-06 01:32:56.060 +03 [27624] ERROR:  ERR_IDEMPOTENCY
2026-03-06 01:32:56.060 +03 [27624] CONTEXT:  PL/pgSQL function create_debt_manual(uuid,numeric,character varying,uuid) line 14 at RAISE
2026-03-06 01:32:56.060 +03 [27624] STATEMENT:  SELECT create_debt_manual('cccccccc-cccc-cccc-cccc-cccccccccccc', 7.500, 'idem retry test', 'aaaaaaaa-0000-0000-0000-000000000123') AS second_call;
2026-03-06 01:33:17.550 +03 [15612] ERROR:  permission denied for table suppliers
2026-03-06 01:33:17.550 +03 [15612] STATEMENT:  SELECT id,name FROM suppliers LIMIT 1;
2026-03-06 01:33:34.358 +03 [2944] ERROR:  permission denied for table suppliers
2026-03-06 01:33:34.358 +03 [2944] STATEMENT:  SELECT id,name FROM suppliers LIMIT 1;
2026-03-06 01:33:36.256 +03 [17716] LOG:  checkpoint starting: time
2026-03-06 01:33:51.581 +03 [16308] ERROR:  permission denied for table suppliers
2026-03-06 01:33:51.581 +03 [16308] STATEMENT:  UPDATE suppliers SET name='x' WHERE id='bbbbbbbb-bbbb-bbbb-bbbb-bbbbbbbbbbbb';
2026-03-06 01:35:21.454 +03 [17716] LOG:  checkpoint complete: wrote 964 buffers (5.9%), wrote 2 SLRU buffers; 0 WAL file(s) added, 0 removed, 0 recycled; write=105.151 s, sync=0.028 s, total=105.199 s; sync files=16, longest=0.003 s, average=0.002 s; distance=6196 kB, estimate=6196 kB; lsn=0/5D6D060, redo lsn=0/5D5F858
2026-03-06 01:35:21.474 +03 [17716] LOG:  checkpoint starting: immediate force wait
2026-03-06 01:35:21.556 +03 [17716] LOG:  checkpoint complete: wrote 4 buffers (0.0%), wrote 1 SLRU buffers; 0 WAL file(s) added, 0 removed, 0 recycled; write=0.011 s, sync=0.013 s, total=0.083 s; sync files=3, longest=0.007 s, average=0.005 s; distance=54 kB, estimate=5582 kB; lsn=0/5D6D130, redo lsn=0/5D6D0D8
2026-03-06 01:36:03.173 +03 [9620] ERROR:  ERR_VALIDATION_REQUIRED_FIELD
2026-03-06 01:36:03.173 +03 [9620] CONTEXT:  PL/pgSQL function create_debt_manual(uuid,numeric,character varying,uuid) line 10 at RAISE
2026-03-06 01:36:03.173 +03 [9620] STATEMENT:  SELECT create_debt_manual('cccccccc-cccc-cccc-cccc-cccccccccccc', 10, 'null key test', NULL);
2026-03-06 01:36:17.154 +03 [21880] ERROR:  ERR_IDEMPOTENCY
2026-03-06 01:36:17.154 +03 [21880] CONTEXT:  PL/pgSQL function create_debt_manual(uuid,numeric,character varying,uuid) line 14 at RAISE
2026-03-06 01:36:17.154 +03 [21880] STATEMENT:  SELECT create_debt_manual('cccccccc-cccc-cccc-cccc-cccccccccccc', 7.500, 'idem retry test', 'aaaaaaaa-0000-0000-0000-000000000123') AS second_call;
2026-03-06 01:36:35.178 +03 [23888] ERROR:  permission denied for table suppliers
2026-03-06 01:36:35.178 +03 [23888] STATEMENT:  SELECT id,name FROM suppliers LIMIT 1;
2026-03-06 01:36:35.212 +03 [10328] ERROR:  permission denied for table suppliers
2026-03-06 01:36:35.212 +03 [10328] STATEMENT:  SELECT id,name FROM suppliers LIMIT 1;
2026-03-06 01:36:45.081 +03 [1656] ERROR:  permission denied for table suppliers
2026-03-06 01:36:45.081 +03 [1656] STATEMENT:  UPDATE suppliers SET name='x' WHERE id='bbbbbbbb-bbbb-bbbb-bbbb-bbbbbbbbbbbb';
2026-03-06 01:37:28.523 +03 [15424] ERROR:  duplicate key value violates unique constraint "uq_debt_entries_idempotency"
2026-03-06 01:37:28.523 +03 [15424] DETAIL:  Key (idempotency_key)=(aaaaaaaa-0000-0000-0000-000000000777) already exists.
2026-03-06 01:37:28.523 +03 [15424] CONTEXT:  SQL statement "INSERT INTO debt_entries (
	    id, debt_customer_id, entry_type, amount, due_date,
	    description, remaining_amount, idempotency_key, created_by
	  ) VALUES (
	    v_entry_id, p_debt_customer_id, 'manual', p_amount,
	    CURRENT_DATE + v_customer.due_date_days,
	    COALESCE(p_description, 'دين يدوي'), p_amount,
	    p_idempotency_key, v_user_id
	  )"
	PL/pgSQL function create_debt_manual(uuid,numeric,character varying,uuid) line 20 at SQL statement
2026-03-06 01:37:28.523 +03 [15424] STATEMENT:  SELECT create_debt_manual('cccccccc-cccc-cccc-cccc-cccccccccccc', 9.000, 'concurrent key test', 'aaaaaaaa-0000-0000-0000-000000000777') AS call_2;
2026-03-06 01:39:11.356 +03 [17716] LOG:  checkpoint starting: immediate force wait
2026-03-06 01:39:11.438 +03 [17716] LOG:  checkpoint complete: wrote 20 buffers (0.1%), wrote 2 SLRU buffers; 0 WAL file(s) added, 0 removed, 1 recycled; write=0.018 s, sync=0.027 s, total=0.083 s; sync files=10, longest=0.005 s, average=0.003 s; distance=6127 kB, estimate=6127 kB; lsn=0/63690C8, redo lsn=0/6369070
2026-03-06 01:39:32.837 +03 [2984] ERROR:  ERR_IDEMPOTENCY
2026-03-06 01:39:32.837 +03 [2984] CONTEXT:  PL/pgSQL function create_debt_manual(uuid,numeric,character varying,uuid) line 32 at RAISE
2026-03-06 01:39:32.837 +03 [2984] STATEMENT:  SELECT create_debt_manual('cccccccc-cccc-cccc-cccc-cccccccccccc', 9.000, 'concurrent key test', 'aaaaaaaa-0000-0000-0000-000000000777') AS call_2;
2026-03-06 01:39:41.403 +03 [5156] ERROR:  function create_daily_snapshot(date, unknown, unknown) does not exist at character 8
2026-03-06 01:39:41.403 +03 [5156] HINT:  No function matches the given name and argument types. You might need to add explicit type casts.
2026-03-06 01:39:41.403 +03 [5156] STATEMENT:  SELECT create_daily_snapshot(CURRENT_DATE, 'legacy arg test', 'aaaaaaaa-0000-0000-0000-000000000555');
2026-03-06 01:40:11.940 +03 [16284] ERROR:  ERR_VALIDATION_REQUIRED_FIELD
2026-03-06 01:40:11.940 +03 [16284] CONTEXT:  PL/pgSQL function create_debt_manual(uuid,numeric,character varying,uuid) line 10 at RAISE
2026-03-06 01:40:11.940 +03 [16284] STATEMENT:  SELECT create_debt_manual('cccccccc-cccc-cccc-cccc-cccccccccccc', 10, 'null key test', NULL);
2026-03-06 01:40:12.496 +03 [26784] ERROR:  ERR_IDEMPOTENCY
2026-03-06 01:40:12.496 +03 [26784] CONTEXT:  PL/pgSQL function create_debt_manual(uuid,numeric,character varying,uuid) line 14 at RAISE
2026-03-06 01:40:12.496 +03 [26784] STATEMENT:  SELECT create_debt_manual('cccccccc-cccc-cccc-cccc-cccccccccccc', 8.000, 'retry test 2', 'aaaaaaaa-0000-0000-0000-000000000124') AS second_call;
2026-03-06 01:40:25.873 +03 [14448] ERROR:  permission denied for table suppliers
2026-03-06 01:40:25.873 +03 [14448] STATEMENT:  SELECT id,name FROM suppliers LIMIT 1;
2026-03-06 01:40:26.348 +03 [9340] ERROR:  permission denied for table suppliers
2026-03-06 01:40:26.348 +03 [9340] STATEMENT:  UPDATE suppliers SET name='x' WHERE id='bbbbbbbb-bbbb-bbbb-bbbb-bbbbbbbbbbbb';
2026-03-06 01:42:43.760 +03 [18504] ERROR:  ERR_VALIDATION_SNAPSHOT_DATE
2026-03-06 01:42:43.760 +03 [18504] CONTEXT:  PL/pgSQL function create_daily_snapshot(date,text) line 19 at RAISE
2026-03-06 01:42:43.760 +03 [18504] STATEMENT:  SELECT create_daily_snapshot(CURRENT_DATE - 1, 'backdate test');
2026-03-06 01:44:11.441 +03 [17716] LOG:  checkpoint starting: time
2026-03-06 01:46:48.551 +03 [17716] LOG:  checkpoint complete: wrote 1433 buffers (8.7%), wrote 2 SLRU buffers; 0 WAL file(s) added, 0 removed, 0 recycled; write=156.468 s, sync=0.622 s, total=157.111 s; sync files=513, longest=0.005 s, average=0.002 s; distance=6164 kB, estimate=6164 kB; lsn=0/6989580, redo lsn=0/696E400
2026-03-06 01:59:11.635 +03 [17716] LOG:  checkpoint starting: time
2026-03-06 01:59:14.970 +03 [17716] LOG:  checkpoint complete: wrote 30 buffers (0.2%), wrote 0 SLRU buffers; 0 WAL file(s) added, 0 removed, 0 recycled; write=3.294 s, sync=0.019 s, total=3.336 s; sync files=6, longest=0.007 s, average=0.004 s; distance=183 kB, estimate=5566 kB; lsn=0/699C450, redo lsn=0/699C3C0
2026-03-06 19:03:40.732 +03 [10836] LOG:  could not reserve shared memory region (addr=0000015433EA0000) for child 000000000000152C: error code 487
2026-03-07 02:37:17.443 +03 [10836] LOG:  received fast shutdown request
2026-03-07 02:37:17.453 +03 [10836] LOG:  aborting any active transactions
2026-03-07 02:37:17.491 +03 [10836] LOG:  background worker "logical replication launcher" (PID 13616) exited with exit code 1
2026-03-07 02:37:17.497 +03 [17716] LOG:  shutting down
2026-03-07 02:37:17.506 +03 [17716] LOG:  checkpoint starting: shutdown immediate
2026-03-07 02:37:17.558 +03 [17716] LOG:  checkpoint complete: wrote 0 buffers (0.0%), wrote 0 SLRU buffers; 0 WAL file(s) added, 0 removed, 0 recycled; write=0.013 s, sync=0.001 s, total=0.060 s; sync files=0, longest=0.000 s, average=0.000 s; distance=0 kB, estimate=5010 kB; lsn=0/699C500, redo lsn=0/699C500
2026-03-07 02:37:17.633 +03 [10836] LOG:  database system is shut down
